<?xml version="1.0" encoding="UTF-8"?>
<!-- Generated by org.testng.reporters.JUnitXMLReporter -->
<testsuite ignored="0" hostname="DESKTOP-LRCM8AR" failures="1" tests="5" name="TutorialsNinja Tests" time="39.348" errors="0" timestamp="2025-02-15T23:17:04 IST">
  <testcase classname="Tutorial_ninja_project.Framework_final.Register" name="accountregister" time="1.286"/>
  <testcase classname="Tutorial_ninja_project.Framework_final.Login_page" name="loginwithvalidcredential" time="1.297"/>
  <testcase classname="Tutorial_ninja_project.Framework_final.Login_page" name="loginwithinvaliddata" time="0.924"/>
  <testcase classname="Tutorial_ninja_project.Framework_final.search" name="verifysearchWithValidProduct" time="1.074"/>
  <testcase classname="Tutorial_ninja_project.Framework_final.search" name="invalidproduct" time="0.894">
    <failure type="java.lang.AssertionError" message="No product in serach result is not displayed  expected [There is no product that matches the search criteria.] but found [[[ChromeDriver: chrome on windows (a1ea9316b42379367da7bf1d6f005295)] -&amp;gt; xpath: //p[contains(text(),&amp;apos;There is no product that matches the search criter&amp;apos;)]]]">
      <![CDATA[java.lang.AssertionError: No product in serach result is not displayed  expected [There is no product that matches the search criteria.] but found [[[ChromeDriver: chrome on windows (a1ea9316b42379367da7bf1d6f005295)] -> xpath: //p[contains(text(),'There is no product that matches the search criter')]]]
at Tutorial_ninja_project.Framework_final.search.invalidproduct(search.java:54)
at java.base/java.util.ArrayList.forEach(ArrayList.java:1511)
... Removed 31 stack frames]]>
    </failure>
  </testcase> <!-- invalidproduct -->
</testsuite> <!-- TutorialsNinja Tests -->
